{"D:\\development\\my_projects\\kelas-work-bootcamp\\final_project\\backend_express_rest_api\\index.js": {"path":"D:\\development\\my_projects\\kelas-work-bootcamp\\final_project\\backend_express_rest_api\\index.js","statementMap":{"0":{"start":{"line":1,"column":16},"end":{"line":1,"column":34}},"1":{"start":{"line":2,"column":16},"end":{"line":2,"column":42}},"2":{"start":{"line":3,"column":15},"end":{"line":3,"column":35}},"3":{"start":{"line":4,"column":21},"end":{"line":4,"column":58}},"4":{"start":{"line":6,"column":12},"end":{"line":6,"column":21}},"5":{"start":{"line":7,"column":13},"end":{"line":7,"column":17}},"6":{"start":{"line":9,"column":0},"end":{"line":9,"column":49}},"7":{"start":{"line":10,"column":0},"end":{"line":10,"column":24}},"8":{"start":{"line":12,"column":0},"end":{"line":19,"column":2}},"9":{"start":{"line":22,"column":0},"end":{"line":22,"column":16}},"10":{"start":{"line":25,"column":0},"end":{"line":25,"column":22}},"11":{"start":{"line":27,"column":0},"end":{"line":31,"column":1}},"12":{"start":{"line":28,"column":1},"end":{"line":30,"column":4}},"13":{"start":{"line":29,"column":2},"end":{"line":29,"column":67}},"14":{"start":{"line":33,"column":0},"end":{"line":33,"column":21}}},"fnMap":{"0":{"name":"(anonymous_0)","decl":{"start":{"line":28,"column":18},"end":{"line":28,"column":19}},"loc":{"start":{"line":28,"column":24},"end":{"line":30,"column":2}},"line":28}},"branchMap":{"0":{"loc":{"start":{"line":27,"column":0},"end":{"line":31,"column":1}},"type":"if","locations":[{"start":{"line":27,"column":0},"end":{"line":31,"column":1}},{"start":{},"end":{}}],"line":27}},"s":{"0":3,"1":3,"2":3,"3":3,"4":3,"5":3,"6":3,"7":3,"8":3,"9":3,"10":3,"11":3,"12":0,"13":0,"14":3},"f":{"0":0},"b":{"0":[0,3]},"_coverageSchema":"1a1c01bbd47fc00a2c39e90264f33305004495a9","hash":"30cf651c367c1c9107dfe440a517cc91b53bca80"}
,"D:\\development\\my_projects\\kelas-work-bootcamp\\final_project\\backend_express_rest_api\\controllers\\ProjectController.js": {"path":"D:\\development\\my_projects\\kelas-work-bootcamp\\final_project\\backend_express_rest_api\\controllers\\ProjectController.js","statementMap":{"0":{"start":{"line":1,"column":32},"end":{"line":1,"column":52}},"1":{"start":{"line":5,"column":2},"end":{"line":24,"column":3}},"2":{"start":{"line":6,"column":20},"end":{"line":16,"column":5}},"3":{"start":{"line":18,"column":3},"end":{"line":21,"column":6}},"4":{"start":{"line":23,"column":3},"end":{"line":23,"column":15}},"5":{"start":{"line":28,"column":2},"end":{"line":64,"column":3}},"6":{"start":{"line":29,"column":19},"end":{"line":52,"column":5}},"7":{"start":{"line":54,"column":3},"end":{"line":56,"column":4}},"8":{"start":{"line":55,"column":4},"end":{"line":55,"column":61}},"9":{"start":{"line":58,"column":3},"end":{"line":61,"column":6}},"10":{"start":{"line":63,"column":3},"end":{"line":63,"column":15}},"11":{"start":{"line":68,"column":2},"end":{"line":84,"column":3}},"12":{"start":{"line":69,"column":41},"end":{"line":69,"column":49}},"13":{"start":{"line":71,"column":19},"end":{"line":76,"column":5}},"14":{"start":{"line":78,"column":3},"end":{"line":81,"column":6}},"15":{"start":{"line":83,"column":3},"end":{"line":83,"column":15}},"16":{"start":{"line":88,"column":2},"end":{"line":99,"column":3}},"17":{"start":{"line":89,"column":41},"end":{"line":89,"column":49}},"18":{"start":{"line":91,"column":3},"end":{"line":91,"column":59}},"19":{"start":{"line":93,"column":3},"end":{"line":96,"column":6}},"20":{"start":{"line":98,"column":3},"end":{"line":98,"column":15}},"21":{"start":{"line":103,"column":2},"end":{"line":111,"column":3}},"22":{"start":{"line":104,"column":3},"end":{"line":104,"column":31}},"23":{"start":{"line":106,"column":3},"end":{"line":108,"column":6}},"24":{"start":{"line":110,"column":3},"end":{"line":110,"column":15}},"25":{"start":{"line":115,"column":0},"end":{"line":115,"column":35}}},"fnMap":{"0":{"name":"(anonymous_0)","decl":{"start":{"line":4,"column":1},"end":{"line":4,"column":2}},"loc":{"start":{"line":4,"column":37},"end":{"line":25,"column":2}},"line":4},"1":{"name":"(anonymous_1)","decl":{"start":{"line":27,"column":1},"end":{"line":27,"column":2}},"loc":{"start":{"line":27,"column":38},"end":{"line":65,"column":2}},"line":27},"2":{"name":"(anonymous_2)","decl":{"start":{"line":67,"column":1},"end":{"line":67,"column":2}},"loc":{"start":{"line":67,"column":37},"end":{"line":85,"column":2}},"line":67},"3":{"name":"(anonymous_3)","decl":{"start":{"line":87,"column":1},"end":{"line":87,"column":2}},"loc":{"start":{"line":87,"column":37},"end":{"line":100,"column":2}},"line":87},"4":{"name":"(anonymous_4)","decl":{"start":{"line":102,"column":1},"end":{"line":102,"column":2}},"loc":{"start":{"line":102,"column":37},"end":{"line":112,"column":2}},"line":102}},"branchMap":{"0":{"loc":{"start":{"line":54,"column":3},"end":{"line":56,"column":4}},"type":"if","locations":[{"start":{"line":54,"column":3},"end":{"line":56,"column":4}},{"start":{},"end":{}}],"line":54}},"s":{"0":3,"1":1,"2":1,"3":1,"4":0,"5":1,"6":1,"7":1,"8":0,"9":1,"10":0,"11":2,"12":2,"13":2,"14":1,"15":1,"16":0,"17":0,"18":0,"19":0,"20":0,"21":0,"22":0,"23":0,"24":0,"25":3},"f":{"0":1,"1":1,"2":2,"3":0,"4":0},"b":{"0":[0,1]},"_coverageSchema":"1a1c01bbd47fc00a2c39e90264f33305004495a9","hash":"c70723898dfa64729def9cc41f1ea6fbc33ef2b3"}
,"D:\\development\\my_projects\\kelas-work-bootcamp\\final_project\\backend_express_rest_api\\controllers\\TaskController.js": {"path":"D:\\development\\my_projects\\kelas-work-bootcamp\\final_project\\backend_express_rest_api\\controllers\\TaskController.js","statementMap":{"0":{"start":{"line":1,"column":23},"end":{"line":1,"column":43}},"1":{"start":{"line":5,"column":2},"end":{"line":26,"column":3}},"2":{"start":{"line":6,"column":25},"end":{"line":6,"column":35}},"3":{"start":{"line":8,"column":17},"end":{"line":18,"column":5}},"4":{"start":{"line":20,"column":3},"end":{"line":23,"column":6}},"5":{"start":{"line":25,"column":3},"end":{"line":25,"column":15}},"6":{"start":{"line":30,"column":2},"end":{"line":54,"column":3}},"7":{"start":{"line":31,"column":29},"end":{"line":31,"column":39}},"8":{"start":{"line":33,"column":16},"end":{"line":42,"column":5}},"9":{"start":{"line":44,"column":3},"end":{"line":46,"column":4}},"10":{"start":{"line":45,"column":4},"end":{"line":45,"column":58}},"11":{"start":{"line":48,"column":3},"end":{"line":51,"column":6}},"12":{"start":{"line":53,"column":3},"end":{"line":53,"column":15}},"13":{"start":{"line":58,"column":2},"end":{"line":79,"column":3}},"14":{"start":{"line":59,"column":25},"end":{"line":59,"column":35}},"15":{"start":{"line":61,"column":4},"end":{"line":61,"column":12}},"16":{"start":{"line":63,"column":16},"end":{"line":71,"column":5}},"17":{"start":{"line":73,"column":3},"end":{"line":76,"column":6}},"18":{"start":{"line":78,"column":3},"end":{"line":78,"column":15}},"19":{"start":{"line":83,"column":2},"end":{"line":111,"column":3}},"20":{"start":{"line":84,"column":29},"end":{"line":84,"column":39}},"21":{"start":{"line":86,"column":4},"end":{"line":86,"column":12}},"22":{"start":{"line":88,"column":16},"end":{"line":90,"column":5}},"23":{"start":{"line":92,"column":3},"end":{"line":94,"column":4}},"24":{"start":{"line":93,"column":4},"end":{"line":93,"column":58}},"25":{"start":{"line":96,"column":3},"end":{"line":103,"column":6}},"26":{"start":{"line":105,"column":3},"end":{"line":108,"column":6}},"27":{"start":{"line":110,"column":3},"end":{"line":110,"column":15}},"28":{"start":{"line":115,"column":2},"end":{"line":133,"column":3}},"29":{"start":{"line":116,"column":29},"end":{"line":116,"column":39}},"30":{"start":{"line":118,"column":16},"end":{"line":120,"column":5}},"31":{"start":{"line":122,"column":3},"end":{"line":124,"column":4}},"32":{"start":{"line":123,"column":4},"end":{"line":123,"column":58}},"33":{"start":{"line":126,"column":3},"end":{"line":126,"column":24}},"34":{"start":{"line":128,"column":3},"end":{"line":130,"column":6}},"35":{"start":{"line":132,"column":3},"end":{"line":132,"column":15}},"36":{"start":{"line":137,"column":0},"end":{"line":137,"column":32}}},"fnMap":{"0":{"name":"(anonymous_0)","decl":{"start":{"line":4,"column":1},"end":{"line":4,"column":2}},"loc":{"start":{"line":4,"column":37},"end":{"line":27,"column":2}},"line":4},"1":{"name":"(anonymous_1)","decl":{"start":{"line":29,"column":1},"end":{"line":29,"column":2}},"loc":{"start":{"line":29,"column":38},"end":{"line":55,"column":2}},"line":29},"2":{"name":"(anonymous_2)","decl":{"start":{"line":57,"column":1},"end":{"line":57,"column":2}},"loc":{"start":{"line":57,"column":37},"end":{"line":80,"column":2}},"line":57},"3":{"name":"(anonymous_3)","decl":{"start":{"line":82,"column":1},"end":{"line":82,"column":2}},"loc":{"start":{"line":82,"column":37},"end":{"line":112,"column":2}},"line":82},"4":{"name":"(anonymous_4)","decl":{"start":{"line":114,"column":1},"end":{"line":114,"column":2}},"loc":{"start":{"line":114,"column":37},"end":{"line":134,"column":2}},"line":114}},"branchMap":{"0":{"loc":{"start":{"line":44,"column":3},"end":{"line":46,"column":4}},"type":"if","locations":[{"start":{"line":44,"column":3},"end":{"line":46,"column":4}},{"start":{},"end":{}}],"line":44},"1":{"loc":{"start":{"line":92,"column":3},"end":{"line":94,"column":4}},"type":"if","locations":[{"start":{"line":92,"column":3},"end":{"line":94,"column":4}},{"start":{},"end":{}}],"line":92},"2":{"loc":{"start":{"line":122,"column":3},"end":{"line":124,"column":4}},"type":"if","locations":[{"start":{"line":122,"column":3},"end":{"line":124,"column":4}},{"start":{},"end":{}}],"line":122}},"s":{"0":3,"1":1,"2":1,"3":1,"4":1,"5":0,"6":2,"7":2,"8":2,"9":2,"10":1,"11":1,"12":1,"13":2,"14":2,"15":2,"16":2,"17":1,"18":1,"19":0,"20":0,"21":0,"22":0,"23":0,"24":0,"25":0,"26":0,"27":0,"28":0,"29":0,"30":0,"31":0,"32":0,"33":0,"34":0,"35":0,"36":3},"f":{"0":1,"1":2,"2":2,"3":0,"4":0},"b":{"0":[1,1],"1":[0,0],"2":[0,0]},"_coverageSchema":"1a1c01bbd47fc00a2c39e90264f33305004495a9","hash":"2f83c23205860a5f3d8b060f0fbefc21994f0a90"}
,"D:\\development\\my_projects\\kelas-work-bootcamp\\final_project\\backend_express_rest_api\\controllers\\UserController.js": {"path":"D:\\development\\my_projects\\kelas-work-bootcamp\\final_project\\backend_express_rest_api\\controllers\\UserController.js","statementMap":{"0":{"start":{"line":1,"column":17},"end":{"line":1,"column":37}},"1":{"start":{"line":2,"column":42},"end":{"line":2,"column":70}},"2":{"start":{"line":3,"column":26},"end":{"line":3,"column":51}},"3":{"start":{"line":7,"column":2},"end":{"line":28,"column":3}},"4":{"start":{"line":8,"column":41},"end":{"line":8,"column":49}},"5":{"start":{"line":10,"column":26},"end":{"line":10,"column":48}},"6":{"start":{"line":12,"column":16},"end":{"line":16,"column":5}},"7":{"start":{"line":18,"column":3},"end":{"line":25,"column":6}},"8":{"start":{"line":27,"column":3},"end":{"line":27,"column":15}},"9":{"start":{"line":32,"column":2},"end":{"line":65,"column":3}},"10":{"start":{"line":33,"column":31},"end":{"line":33,"column":39}},"11":{"start":{"line":35,"column":3},"end":{"line":40,"column":4}},"12":{"start":{"line":36,"column":4},"end":{"line":39,"column":6}},"13":{"start":{"line":42,"column":16},"end":{"line":42,"column":56}},"14":{"start":{"line":44,"column":3},"end":{"line":46,"column":4}},"15":{"start":{"line":45,"column":4},"end":{"line":45,"column":73}},"16":{"start":{"line":48,"column":27},"end":{"line":48,"column":67}},"17":{"start":{"line":50,"column":3},"end":{"line":52,"column":4}},"18":{"start":{"line":51,"column":4},"end":{"line":51,"column":73}},"19":{"start":{"line":54,"column":17},"end":{"line":57,"column":5}},"20":{"start":{"line":59,"column":3},"end":{"line":62,"column":6}},"21":{"start":{"line":64,"column":3},"end":{"line":64,"column":15}},"22":{"start":{"line":69,"column":0},"end":{"line":69,"column":32}}},"fnMap":{"0":{"name":"(anonymous_0)","decl":{"start":{"line":6,"column":1},"end":{"line":6,"column":2}},"loc":{"start":{"line":6,"column":39},"end":{"line":29,"column":2}},"line":6},"1":{"name":"(anonymous_1)","decl":{"start":{"line":31,"column":1},"end":{"line":31,"column":2}},"loc":{"start":{"line":31,"column":36},"end":{"line":66,"column":2}},"line":31}},"branchMap":{"0":{"loc":{"start":{"line":35,"column":3},"end":{"line":40,"column":4}},"type":"if","locations":[{"start":{"line":35,"column":3},"end":{"line":40,"column":4}},{"start":{},"end":{}}],"line":35},"1":{"loc":{"start":{"line":35,"column":7},"end":{"line":35,"column":26}},"type":"binary-expr","locations":[{"start":{"line":35,"column":7},"end":{"line":35,"column":13}},{"start":{"line":35,"column":17},"end":{"line":35,"column":26}}],"line":35},"2":{"loc":{"start":{"line":44,"column":3},"end":{"line":46,"column":4}},"type":"if","locations":[{"start":{"line":44,"column":3},"end":{"line":46,"column":4}},{"start":{},"end":{}}],"line":44},"3":{"loc":{"start":{"line":50,"column":3},"end":{"line":52,"column":4}},"type":"if","locations":[{"start":{"line":50,"column":3},"end":{"line":52,"column":4}},{"start":{},"end":{}}],"line":50}},"s":{"0":3,"1":3,"2":3,"3":3,"4":3,"5":3,"6":3,"7":1,"8":2,"9":4,"10":4,"11":4,"12":1,"13":3,"14":3,"15":1,"16":2,"17":2,"18":1,"19":1,"20":1,"21":3,"22":3},"f":{"0":3,"1":4},"b":{"0":[1,3],"1":[4,3],"2":[1,2],"3":[1,1]},"_coverageSchema":"1a1c01bbd47fc00a2c39e90264f33305004495a9","hash":"97984c4281aaafff43d22209aaabc5ec98e5edd6"}
,"D:\\development\\my_projects\\kelas-work-bootcamp\\final_project\\backend_express_rest_api\\helpers\\bcrypt.js": {"path":"D:\\development\\my_projects\\kelas-work-bootcamp\\final_project\\backend_express_rest_api\\helpers\\bcrypt.js","statementMap":{"0":{"start":{"line":1,"column":15},"end":{"line":1,"column":32}},"1":{"start":{"line":3,"column":21},"end":{"line":5,"column":1}},"2":{"start":{"line":4,"column":1},"end":{"line":4,"column":38}},"3":{"start":{"line":7,"column":24},"end":{"line":9,"column":1}},"4":{"start":{"line":8,"column":1},"end":{"line":8,"column":43}},"5":{"start":{"line":11,"column":0},"end":{"line":11,"column":51}}},"fnMap":{"0":{"name":"(anonymous_0)","decl":{"start":{"line":3,"column":21},"end":{"line":3,"column":22}},"loc":{"start":{"line":3,"column":35},"end":{"line":5,"column":1}},"line":3},"1":{"name":"(anonymous_1)","decl":{"start":{"line":7,"column":24},"end":{"line":7,"column":25}},"loc":{"start":{"line":7,"column":44},"end":{"line":9,"column":1}},"line":7}},"branchMap":{},"s":{"0":3,"1":3,"2":5,"3":3,"4":2,"5":3},"f":{"0":5,"1":2},"b":{},"_coverageSchema":"1a1c01bbd47fc00a2c39e90264f33305004495a9","hash":"765845a51ccf828a5082084066b1553bf97cd653"}
,"D:\\development\\my_projects\\kelas-work-bootcamp\\final_project\\backend_express_rest_api\\helpers\\jwt.js": {"path":"D:\\development\\my_projects\\kelas-work-bootcamp\\final_project\\backend_express_rest_api\\helpers\\jwt.js","statementMap":{"0":{"start":{"line":1,"column":12},"end":{"line":1,"column":35}},"1":{"start":{"line":3,"column":19},"end":{"line":3,"column":51}},"2":{"start":{"line":5,"column":22},"end":{"line":7,"column":1}},"3":{"start":{"line":6,"column":1},"end":{"line":6,"column":60}},"4":{"start":{"line":9,"column":20},"end":{"line":11,"column":1}},"5":{"start":{"line":10,"column":1},"end":{"line":10,"column":38}},"6":{"start":{"line":13,"column":0},"end":{"line":13,"column":48}}},"fnMap":{"0":{"name":"(anonymous_0)","decl":{"start":{"line":5,"column":22},"end":{"line":5,"column":23}},"loc":{"start":{"line":5,"column":35},"end":{"line":7,"column":1}},"line":5},"1":{"name":"(anonymous_1)","decl":{"start":{"line":9,"column":20},"end":{"line":9,"column":21}},"loc":{"start":{"line":9,"column":31},"end":{"line":11,"column":1}},"line":9}},"branchMap":{},"s":{"0":3,"1":3,"2":3,"3":3,"4":3,"5":10,"6":3},"f":{"0":3,"1":10},"b":{},"_coverageSchema":"1a1c01bbd47fc00a2c39e90264f33305004495a9","hash":"3951f0482bec8548f857cb255a3e63a261dabf98"}
,"D:\\development\\my_projects\\kelas-work-bootcamp\\final_project\\backend_express_rest_api\\middlewares\\authentication.js": {"path":"D:\\development\\my_projects\\kelas-work-bootcamp\\final_project\\backend_express_rest_api\\middlewares\\authentication.js","statementMap":{"0":{"start":{"line":1,"column":24},"end":{"line":1,"column":49}},"1":{"start":{"line":2,"column":17},"end":{"line":2,"column":37}},"2":{"start":{"line":4,"column":23},"end":{"line":38,"column":1}},"3":{"start":{"line":5,"column":1},"end":{"line":37,"column":2}},"4":{"start":{"line":6,"column":21},"end":{"line":6,"column":46}},"5":{"start":{"line":8,"column":2},"end":{"line":10,"column":3}},"6":{"start":{"line":9,"column":3},"end":{"line":9,"column":70}},"7":{"start":{"line":12,"column":16},"end":{"line":12,"column":40}},"8":{"start":{"line":13,"column":18},"end":{"line":13,"column":36}},"9":{"start":{"line":15,"column":15},"end":{"line":15,"column":46}},"10":{"start":{"line":17,"column":2},"end":{"line":19,"column":3}},"11":{"start":{"line":18,"column":3},"end":{"line":18,"column":61}},"12":{"start":{"line":21,"column":2},"end":{"line":25,"column":4}},"13":{"start":{"line":27,"column":2},"end":{"line":27,"column":9}},"14":{"start":{"line":29,"column":2},"end":{"line":36,"column":3}},"15":{"start":{"line":33,"column":3},"end":{"line":33,"column":71}},"16":{"start":{"line":35,"column":3},"end":{"line":35,"column":15}},"17":{"start":{"line":40,"column":0},"end":{"line":40,"column":32}}},"fnMap":{"0":{"name":"(anonymous_0)","decl":{"start":{"line":4,"column":23},"end":{"line":4,"column":24}},"loc":{"start":{"line":4,"column":49},"end":{"line":38,"column":1}},"line":4}},"branchMap":{"0":{"loc":{"start":{"line":8,"column":2},"end":{"line":10,"column":3}},"type":"if","locations":[{"start":{"line":8,"column":2},"end":{"line":10,"column":3}},{"start":{},"end":{}}],"line":8},"1":{"loc":{"start":{"line":8,"column":6},"end":{"line":8,"column":54}},"type":"binary-expr","locations":[{"start":{"line":8,"column":6},"end":{"line":8,"column":17}},{"start":{"line":8,"column":21},"end":{"line":8,"column":54}}],"line":8},"2":{"loc":{"start":{"line":17,"column":2},"end":{"line":19,"column":3}},"type":"if","locations":[{"start":{"line":17,"column":2},"end":{"line":19,"column":3}},{"start":{},"end":{}}],"line":17},"3":{"loc":{"start":{"line":29,"column":2},"end":{"line":36,"column":3}},"type":"if","locations":[{"start":{"line":29,"column":2},"end":{"line":36,"column":3}},{"start":{"line":34,"column":9},"end":{"line":36,"column":3}}],"line":29},"4":{"loc":{"start":{"line":30,"column":3},"end":{"line":31,"column":37}},"type":"binary-expr","locations":[{"start":{"line":30,"column":3},"end":{"line":30,"column":37}},{"start":{"line":31,"column":3},"end":{"line":31,"column":37}}],"line":30}},"s":{"0":3,"1":3,"2":3,"3":14,"4":14,"5":14,"6":4,"7":10,"8":10,"9":10,"10":10,"11":0,"12":10,"13":10,"14":4,"15":0,"16":4,"17":3},"f":{"0":14},"b":{"0":[4,10],"1":[14,10],"2":[0,10],"3":[0,4],"4":[4,4]},"_coverageSchema":"1a1c01bbd47fc00a2c39e90264f33305004495a9","hash":"671d25a3164fe0c75d5f463d81dbfdb2498c6845"}
,"D:\\development\\my_projects\\kelas-work-bootcamp\\final_project\\backend_express_rest_api\\middlewares\\authorization.js": {"path":"D:\\development\\my_projects\\kelas-work-bootcamp\\final_project\\backend_express_rest_api\\middlewares\\authorization.js","statementMap":{"0":{"start":{"line":1,"column":26},"end":{"line":1,"column":46}},"1":{"start":{"line":3,"column":25},"end":{"line":24,"column":1}},"2":{"start":{"line":4,"column":1},"end":{"line":23,"column":2}},"3":{"start":{"line":5,"column":17},"end":{"line":5,"column":27}},"4":{"start":{"line":6,"column":18},"end":{"line":6,"column":44}},"5":{"start":{"line":8,"column":2},"end":{"line":10,"column":3}},"6":{"start":{"line":9,"column":3},"end":{"line":9,"column":60}},"7":{"start":{"line":12,"column":2},"end":{"line":17,"column":3}},"8":{"start":{"line":13,"column":3},"end":{"line":16,"column":5}},"9":{"start":{"line":19,"column":2},"end":{"line":19,"column":24}},"10":{"start":{"line":20,"column":2},"end":{"line":20,"column":9}},"11":{"start":{"line":22,"column":2},"end":{"line":22,"column":14}},"12":{"start":{"line":26,"column":22},"end":{"line":47,"column":1}},"13":{"start":{"line":27,"column":1},"end":{"line":46,"column":2}},"14":{"start":{"line":28,"column":24},"end":{"line":28,"column":34}},"15":{"start":{"line":29,"column":18},"end":{"line":29,"column":51}},"16":{"start":{"line":31,"column":2},"end":{"line":33,"column":3}},"17":{"start":{"line":32,"column":3},"end":{"line":32,"column":60}},"18":{"start":{"line":35,"column":2},"end":{"line":40,"column":3}},"19":{"start":{"line":36,"column":3},"end":{"line":39,"column":5}},"20":{"start":{"line":42,"column":2},"end":{"line":42,"column":24}},"21":{"start":{"line":43,"column":2},"end":{"line":43,"column":9}},"22":{"start":{"line":45,"column":2},"end":{"line":45,"column":14}},"23":{"start":{"line":49,"column":0},"end":{"line":49,"column":53}}},"fnMap":{"0":{"name":"(anonymous_0)","decl":{"start":{"line":3,"column":25},"end":{"line":3,"column":26}},"loc":{"start":{"line":3,"column":51},"end":{"line":24,"column":1}},"line":3},"1":{"name":"(anonymous_1)","decl":{"start":{"line":26,"column":22},"end":{"line":26,"column":23}},"loc":{"start":{"line":26,"column":48},"end":{"line":47,"column":1}},"line":26}},"branchMap":{"0":{"loc":{"start":{"line":8,"column":2},"end":{"line":10,"column":3}},"type":"if","locations":[{"start":{"line":8,"column":2},"end":{"line":10,"column":3}},{"start":{},"end":{}}],"line":8},"1":{"loc":{"start":{"line":12,"column":2},"end":{"line":17,"column":3}},"type":"if","locations":[{"start":{"line":12,"column":2},"end":{"line":17,"column":3}},{"start":{},"end":{}}],"line":12},"2":{"loc":{"start":{"line":31,"column":2},"end":{"line":33,"column":3}},"type":"if","locations":[{"start":{"line":31,"column":2},"end":{"line":33,"column":3}},{"start":{},"end":{}}],"line":31},"3":{"loc":{"start":{"line":35,"column":2},"end":{"line":40,"column":3}},"type":"if","locations":[{"start":{"line":35,"column":2},"end":{"line":40,"column":3}},{"start":{},"end":{}}],"line":35}},"s":{"0":3,"1":3,"2":2,"3":2,"4":2,"5":2,"6":1,"7":1,"8":0,"9":1,"10":1,"11":1,"12":3,"13":5,"14":5,"15":5,"16":5,"17":0,"18":5,"19":0,"20":5,"21":5,"22":0,"23":3},"f":{"0":2,"1":5},"b":{"0":[1,1],"1":[0,1],"2":[0,5],"3":[0,5]},"_coverageSchema":"1a1c01bbd47fc00a2c39e90264f33305004495a9","hash":"1c819a25d3456a575e66c07e34016c6f53cb6c1e"}
,"D:\\development\\my_projects\\kelas-work-bootcamp\\final_project\\backend_express_rest_api\\middlewares\\errorHandler.js": {"path":"D:\\development\\my_projects\\kelas-work-bootcamp\\final_project\\backend_express_rest_api\\middlewares\\errorHandler.js","statementMap":{"0":{"start":{"line":1,"column":21},"end":{"line":33,"column":1}},"1":{"start":{"line":2,"column":18},"end":{"line":2,"column":21}},"2":{"start":{"line":3,"column":15},"end":{"line":3,"column":38}},"3":{"start":{"line":5,"column":1},"end":{"line":30,"column":2}},"4":{"start":{"line":8,"column":3},"end":{"line":8,"column":20}},"5":{"start":{"line":9,"column":3},"end":{"line":9,"column":46}},"6":{"start":{"line":9,"column":35},"end":{"line":9,"column":44}},"7":{"start":{"line":10,"column":3},"end":{"line":10,"column":9}},"8":{"start":{"line":12,"column":3},"end":{"line":12,"column":20}},"9":{"start":{"line":13,"column":3},"end":{"line":13,"column":25}},"10":{"start":{"line":14,"column":3},"end":{"line":14,"column":9}},"11":{"start":{"line":16,"column":3},"end":{"line":16,"column":20}},"12":{"start":{"line":17,"column":3},"end":{"line":17,"column":25}},"13":{"start":{"line":18,"column":3},"end":{"line":18,"column":9}},"14":{"start":{"line":20,"column":3},"end":{"line":20,"column":20}},"15":{"start":{"line":21,"column":3},"end":{"line":21,"column":25}},"16":{"start":{"line":22,"column":3},"end":{"line":22,"column":9}},"17":{"start":{"line":24,"column":3},"end":{"line":24,"column":20}},"18":{"start":{"line":25,"column":3},"end":{"line":25,"column":25}},"19":{"start":{"line":26,"column":3},"end":{"line":26,"column":9}},"20":{"start":{"line":28,"column":3},"end":{"line":28,"column":42}},"21":{"start":{"line":29,"column":3},"end":{"line":29,"column":9}},"22":{"start":{"line":32,"column":1},"end":{"line":32,"column":42}},"23":{"start":{"line":35,"column":0},"end":{"line":35,"column":30}}},"fnMap":{"0":{"name":"(anonymous_0)","decl":{"start":{"line":1,"column":21},"end":{"line":1,"column":22}},"loc":{"start":{"line":1,"column":46},"end":{"line":33,"column":1}},"line":1},"1":{"name":"(anonymous_1)","decl":{"start":{"line":9,"column":28},"end":{"line":9,"column":29}},"loc":{"start":{"line":9,"column":35},"end":{"line":9,"column":44}},"line":9}},"branchMap":{"0":{"loc":{"start":{"line":5,"column":1},"end":{"line":30,"column":2}},"type":"switch","locations":[{"start":{"line":6,"column":2},"end":{"line":6,"column":34}},{"start":{"line":7,"column":2},"end":{"line":10,"column":9}},{"start":{"line":11,"column":2},"end":{"line":14,"column":9}},{"start":{"line":15,"column":2},"end":{"line":18,"column":9}},{"start":{"line":19,"column":2},"end":{"line":22,"column":9}},{"start":{"line":23,"column":2},"end":{"line":26,"column":9}},{"start":{"line":27,"column":2},"end":{"line":29,"column":9}}],"line":5}},"s":{"0":3,"1":13,"2":13,"3":13,"4":4,"5":4,"6":6,"7":4,"8":1,"9":1,"10":1,"11":6,"12":6,"13":6,"14":0,"15":0,"16":0,"17":2,"18":2,"19":2,"20":0,"21":0,"22":13,"23":3},"f":{"0":13,"1":6},"b":{"0":[3,4,1,6,0,2,0]},"_coverageSchema":"1a1c01bbd47fc00a2c39e90264f33305004495a9","hash":"31579016c694b55f3fcb5d2054ab7f3be8eac85c"}
,"D:\\development\\my_projects\\kelas-work-bootcamp\\final_project\\backend_express_rest_api\\models\\index.js": {"path":"D:\\development\\my_projects\\kelas-work-bootcamp\\final_project\\backend_express_rest_api\\models\\index.js","statementMap":{"0":{"start":{"line":3,"column":11},"end":{"line":3,"column":24}},"1":{"start":{"line":4,"column":13},"end":{"line":4,"column":28}},"2":{"start":{"line":5,"column":18},"end":{"line":5,"column":38}},"3":{"start":{"line":6,"column":16},"end":{"line":6,"column":34}},"4":{"start":{"line":7,"column":17},"end":{"line":7,"column":42}},"5":{"start":{"line":8,"column":12},"end":{"line":8,"column":49}},"6":{"start":{"line":9,"column":15},"end":{"line":9,"column":65}},"7":{"start":{"line":10,"column":11},"end":{"line":10,"column":13}},"8":{"start":{"line":13,"column":0},"end":{"line":17,"column":1}},"9":{"start":{"line":14,"column":2},"end":{"line":14,"column":74}},"10":{"start":{"line":16,"column":2},"end":{"line":16,"column":87}},"11":{"start":{"line":19,"column":0},"end":{"line":32,"column":5}},"12":{"start":{"line":22,"column":4},"end":{"line":27,"column":6}},"13":{"start":{"line":30,"column":18},"end":{"line":30,"column":85}},"14":{"start":{"line":31,"column":4},"end":{"line":31,"column":27}},"15":{"start":{"line":34,"column":0},"end":{"line":38,"column":3}},"16":{"start":{"line":35,"column":2},"end":{"line":37,"column":3}},"17":{"start":{"line":36,"column":4},"end":{"line":36,"column":32}},"18":{"start":{"line":40,"column":0},"end":{"line":40,"column":25}},"19":{"start":{"line":41,"column":0},"end":{"line":41,"column":25}},"20":{"start":{"line":43,"column":0},"end":{"line":43,"column":20}}},"fnMap":{"0":{"name":"(anonymous_0)","decl":{"start":{"line":21,"column":10},"end":{"line":21,"column":11}},"loc":{"start":{"line":21,"column":18},"end":{"line":28,"column":3}},"line":21},"1":{"name":"(anonymous_1)","decl":{"start":{"line":29,"column":11},"end":{"line":29,"column":12}},"loc":{"start":{"line":29,"column":19},"end":{"line":32,"column":3}},"line":29},"2":{"name":"(anonymous_2)","decl":{"start":{"line":34,"column":24},"end":{"line":34,"column":25}},"loc":{"start":{"line":34,"column":37},"end":{"line":38,"column":1}},"line":34}},"branchMap":{"0":{"loc":{"start":{"line":8,"column":12},"end":{"line":8,"column":49}},"type":"binary-expr","locations":[{"start":{"line":8,"column":12},"end":{"line":8,"column":32}},{"start":{"line":8,"column":36},"end":{"line":8,"column":49}}],"line":8},"1":{"loc":{"start":{"line":13,"column":0},"end":{"line":17,"column":1}},"type":"if","locations":[{"start":{"line":13,"column":0},"end":{"line":17,"column":1}},{"start":{"line":15,"column":7},"end":{"line":17,"column":1}}],"line":13},"2":{"loc":{"start":{"line":23,"column":6},"end":{"line":26,"column":37}},"type":"binary-expr","locations":[{"start":{"line":23,"column":6},"end":{"line":23,"column":29}},{"start":{"line":24,"column":6},"end":{"line":24,"column":23}},{"start":{"line":25,"column":6},"end":{"line":25,"column":30}},{"start":{"line":26,"column":6},"end":{"line":26,"column":37}}],"line":23},"3":{"loc":{"start":{"line":35,"column":2},"end":{"line":37,"column":3}},"type":"if","locations":[{"start":{"line":35,"column":2},"end":{"line":37,"column":3}},{"start":{},"end":{}}],"line":35}},"s":{"0":3,"1":3,"2":3,"3":3,"4":3,"5":3,"6":3,"7":3,"8":3,"9":0,"10":3,"11":3,"12":12,"13":9,"14":9,"15":3,"16":9,"17":9,"18":3,"19":3,"20":3},"f":{"0":12,"1":9,"2":9},"b":{"0":[3,0],"1":[0,3],"2":[12,12,9,9],"3":[9,0]},"_coverageSchema":"1a1c01bbd47fc00a2c39e90264f33305004495a9","hash":"585418f2f04a64cf0a5b64b8e27e9bf5be0ea3b9"}
,"D:\\development\\my_projects\\kelas-work-bootcamp\\final_project\\backend_express_rest_api\\models\\project.js": {"path":"D:\\development\\my_projects\\kelas-work-bootcamp\\final_project\\backend_express_rest_api\\models\\project.js","statementMap":{"0":{"start":{"line":2,"column":18},"end":{"line":2,"column":38}},"1":{"start":{"line":4,"column":0},"end":{"line":61,"column":2}},"2":{"start":{"line":7,"column":3},"end":{"line":12,"column":6}},"3":{"start":{"line":13,"column":3},"end":{"line":16,"column":6}},"4":{"start":{"line":20,"column":1},"end":{"line":58,"column":3}},"5":{"start":{"line":60,"column":1},"end":{"line":60,"column":16}}},"fnMap":{"0":{"name":"(anonymous_0)","decl":{"start":{"line":4,"column":17},"end":{"line":4,"column":18}},"loc":{"start":{"line":4,"column":43},"end":{"line":61,"column":1}},"line":4},"1":{"name":"(anonymous_1)","decl":{"start":{"line":6,"column":2},"end":{"line":6,"column":3}},"loc":{"start":{"line":6,"column":27},"end":{"line":17,"column":3}},"line":6}},"branchMap":{},"s":{"0":3,"1":3,"2":3,"3":3,"4":3,"5":3},"f":{"0":3,"1":3},"b":{},"_coverageSchema":"1a1c01bbd47fc00a2c39e90264f33305004495a9","hash":"17f443ba1fd6cd01d9f97b537f6d32f3d95c2314"}
,"D:\\development\\my_projects\\kelas-work-bootcamp\\final_project\\backend_express_rest_api\\models\\task.js": {"path":"D:\\development\\my_projects\\kelas-work-bootcamp\\final_project\\backend_express_rest_api\\models\\task.js","statementMap":{"0":{"start":{"line":2,"column":18},"end":{"line":2,"column":38}},"1":{"start":{"line":4,"column":0},"end":{"line":86,"column":2}},"2":{"start":{"line":7,"column":3},"end":{"line":12,"column":6}},"3":{"start":{"line":13,"column":3},"end":{"line":18,"column":6}},"4":{"start":{"line":22,"column":1},"end":{"line":83,"column":3}},"5":{"start":{"line":85,"column":1},"end":{"line":85,"column":13}}},"fnMap":{"0":{"name":"(anonymous_0)","decl":{"start":{"line":4,"column":17},"end":{"line":4,"column":18}},"loc":{"start":{"line":4,"column":43},"end":{"line":86,"column":1}},"line":4},"1":{"name":"(anonymous_1)","decl":{"start":{"line":6,"column":2},"end":{"line":6,"column":3}},"loc":{"start":{"line":6,"column":27},"end":{"line":19,"column":3}},"line":6}},"branchMap":{},"s":{"0":3,"1":3,"2":3,"3":3,"4":3,"5":3},"f":{"0":3,"1":3},"b":{},"_coverageSchema":"1a1c01bbd47fc00a2c39e90264f33305004495a9","hash":"0884afa93495412e0e30f821689e3c76f64a1df3"}
,"D:\\development\\my_projects\\kelas-work-bootcamp\\final_project\\backend_express_rest_api\\models\\user.js": {"path":"D:\\development\\my_projects\\kelas-work-bootcamp\\final_project\\backend_express_rest_api\\models\\user.js","statementMap":{"0":{"start":{"line":2,"column":18},"end":{"line":2,"column":38}},"1":{"start":{"line":4,"column":0},"end":{"line":55,"column":2}},"2":{"start":{"line":7,"column":3},"end":{"line":10,"column":6}},"3":{"start":{"line":11,"column":3},"end":{"line":14,"column":6}},"4":{"start":{"line":18,"column":1},"end":{"line":52,"column":3}},"5":{"start":{"line":54,"column":1},"end":{"line":54,"column":13}}},"fnMap":{"0":{"name":"(anonymous_0)","decl":{"start":{"line":4,"column":17},"end":{"line":4,"column":18}},"loc":{"start":{"line":4,"column":43},"end":{"line":55,"column":1}},"line":4},"1":{"name":"(anonymous_1)","decl":{"start":{"line":6,"column":2},"end":{"line":6,"column":3}},"loc":{"start":{"line":6,"column":27},"end":{"line":15,"column":3}},"line":6}},"branchMap":{},"s":{"0":3,"1":3,"2":3,"3":3,"4":3,"5":3},"f":{"0":3,"1":3},"b":{},"_coverageSchema":"1a1c01bbd47fc00a2c39e90264f33305004495a9","hash":"42f1ebd57bf95db6f0ff9d6d2f5cddfaa9eaa3d7"}
,"D:\\development\\my_projects\\kelas-work-bootcamp\\final_project\\backend_express_rest_api\\routers\\index.js": {"path":"D:\\development\\my_projects\\kelas-work-bootcamp\\final_project\\backend_express_rest_api\\routers\\index.js","statementMap":{"0":{"start":{"line":1,"column":16},"end":{"line":1,"column":34}},"1":{"start":{"line":2,"column":15},"end":{"line":2,"column":31}},"2":{"start":{"line":4,"column":23},"end":{"line":4,"column":63}},"3":{"start":{"line":5,"column":26},"end":{"line":5,"column":69}},"4":{"start":{"line":6,"column":23},"end":{"line":6,"column":63}},"5":{"start":{"line":8,"column":23},"end":{"line":8,"column":63}},"6":{"start":{"line":12,"column":4},"end":{"line":12,"column":43}},"7":{"start":{"line":15,"column":0},"end":{"line":15,"column":50}},"8":{"start":{"line":16,"column":0},"end":{"line":16,"column":44}},"9":{"start":{"line":19,"column":0},"end":{"line":19,"column":27}},"10":{"start":{"line":22,"column":0},"end":{"line":22,"column":50}},"11":{"start":{"line":23,"column":0},"end":{"line":23,"column":51}},"12":{"start":{"line":24,"column":0},"end":{"line":24,"column":73}},"13":{"start":{"line":25,"column":0},"end":{"line":25,"column":72}},"14":{"start":{"line":26,"column":0},"end":{"line":26,"column":75}},"15":{"start":{"line":29,"column":0},"end":{"line":29,"column":79}},"16":{"start":{"line":30,"column":0},"end":{"line":30,"column":80}},"17":{"start":{"line":31,"column":0},"end":{"line":35,"column":2}},"18":{"start":{"line":36,"column":0},"end":{"line":40,"column":2}},"19":{"start":{"line":41,"column":0},"end":{"line":45,"column":2}},"20":{"start":{"line":47,"column":0},"end":{"line":47,"column":24}}},"fnMap":{},"branchMap":{},"s":{"0":3,"1":3,"2":3,"3":3,"4":3,"5":3,"6":3,"7":3,"8":3,"9":3,"10":3,"11":3,"12":3,"13":3,"14":3,"15":3,"16":3,"17":3,"18":3,"19":3,"20":3},"f":{},"b":{},"_coverageSchema":"1a1c01bbd47fc00a2c39e90264f33305004495a9","hash":"a48c2ff62b983161204e5e8a36921d307852b9c7"}
}
