TN:
SF:index.js
FN:28,(anonymous_0)
FNF:1
FNH:0
FNDA:0,(anonymous_0)
DA:1,3
DA:2,3
DA:3,3
DA:4,3
DA:6,3
DA:7,3
DA:9,3
DA:10,3
DA:12,3
DA:22,3
DA:25,3
DA:27,3
DA:28,0
DA:29,0
DA:33,3
LF:15
LH:13
BRDA:27,0,0,0
BRDA:27,0,1,3
BRF:2
BRH:1
end_of_record
TN:
SF:controllers\ProjectController.js
FN:4,(anonymous_0)
FN:27,(anonymous_1)
FN:67,(anonymous_2)
FN:87,(anonymous_3)
FN:102,(anonymous_4)
FNF:5
FNH:3
FNDA:1,(anonymous_0)
FNDA:1,(anonymous_1)
FNDA:2,(anonymous_2)
FNDA:0,(anonymous_3)
FNDA:0,(anonymous_4)
DA:1,3
DA:5,1
DA:6,1
DA:18,1
DA:23,0
DA:28,1
DA:29,1
DA:54,1
DA:55,0
DA:58,1
DA:63,0
DA:68,2
DA:69,2
DA:71,2
DA:78,1
DA:83,1
DA:88,0
DA:89,0
DA:91,0
DA:93,0
DA:98,0
DA:103,0
DA:104,0
DA:106,0
DA:110,0
DA:115,3
LF:26
LH:14
BRDA:54,0,0,0
BRDA:54,0,1,1
BRF:2
BRH:1
end_of_record
TN:
SF:controllers\TaskController.js
FN:4,(anonymous_0)
FN:29,(anonymous_1)
FN:57,(anonymous_2)
FN:82,(anonymous_3)
FN:114,(anonymous_4)
FNF:5
FNH:3
FNDA:1,(anonymous_0)
FNDA:2,(anonymous_1)
FNDA:2,(anonymous_2)
FNDA:0,(anonymous_3)
FNDA:0,(anonymous_4)
DA:1,3
DA:5,1
DA:6,1
DA:8,1
DA:20,1
DA:25,0
DA:30,2
DA:31,2
DA:33,2
DA:44,2
DA:45,1
DA:48,1
DA:53,1
DA:58,2
DA:59,2
DA:61,2
DA:63,2
DA:73,1
DA:78,1
DA:83,0
DA:84,0
DA:86,0
DA:88,0
DA:92,0
DA:93,0
DA:96,0
DA:105,0
DA:110,0
DA:115,0
DA:116,0
DA:118,0
DA:122,0
DA:123,0
DA:126,0
DA:128,0
DA:132,0
DA:137,3
LF:37
LH:19
BRDA:44,0,0,1
BRDA:44,0,1,1
BRDA:92,1,0,0
BRDA:92,1,1,0
BRDA:122,2,0,0
BRDA:122,2,1,0
BRF:6
BRH:2
end_of_record
TN:
SF:controllers\UserController.js
FN:6,(anonymous_0)
FN:31,(anonymous_1)
FNF:2
FNH:2
FNDA:3,(anonymous_0)
FNDA:4,(anonymous_1)
DA:1,3
DA:2,3
DA:3,3
DA:7,3
DA:8,3
DA:10,3
DA:12,3
DA:18,1
DA:27,2
DA:32,4
DA:33,4
DA:35,4
DA:36,1
DA:42,3
DA:44,3
DA:45,1
DA:48,2
DA:50,2
DA:51,1
DA:54,1
DA:59,1
DA:64,3
DA:69,3
LF:23
LH:23
BRDA:35,0,0,1
BRDA:35,0,1,3
BRDA:35,1,0,4
BRDA:35,1,1,3
BRDA:44,2,0,1
BRDA:44,2,1,2
BRDA:50,3,0,1
BRDA:50,3,1,1
BRF:8
BRH:8
end_of_record
TN:
SF:helpers\bcrypt.js
FN:3,(anonymous_0)
FN:7,(anonymous_1)
FNF:2
FNH:2
FNDA:5,(anonymous_0)
FNDA:2,(anonymous_1)
DA:1,3
DA:3,3
DA:4,5
DA:7,3
DA:8,2
DA:11,3
LF:6
LH:6
BRF:0
BRH:0
end_of_record
TN:
SF:helpers\jwt.js
FN:5,(anonymous_0)
FN:9,(anonymous_1)
FNF:2
FNH:2
FNDA:3,(anonymous_0)
FNDA:10,(anonymous_1)
DA:1,3
DA:3,3
DA:5,3
DA:6,3
DA:9,3
DA:10,10
DA:13,3
LF:7
LH:7
BRF:0
BRH:0
end_of_record
TN:
SF:middlewares\authentication.js
FN:4,(anonymous_0)
FNF:1
FNH:1
FNDA:14,(anonymous_0)
DA:1,3
DA:2,3
DA:4,3
DA:5,14
DA:6,14
DA:8,14
DA:9,4
DA:12,10
DA:13,10
DA:15,10
DA:17,10
DA:18,0
DA:21,10
DA:27,10
DA:29,4
DA:33,0
DA:35,4
DA:40,3
LF:18
LH:16
BRDA:8,0,0,4
BRDA:8,0,1,10
BRDA:8,1,0,14
BRDA:8,1,1,10
BRDA:17,2,0,0
BRDA:17,2,1,10
BRDA:29,3,0,0
BRDA:29,3,1,4
BRDA:30,4,0,4
BRDA:30,4,1,4
BRF:10
BRH:8
end_of_record
TN:
SF:middlewares\authorization.js
FN:3,(anonymous_0)
FN:26,(anonymous_1)
FNF:2
FNH:2
FNDA:2,(anonymous_0)
FNDA:5,(anonymous_1)
DA:1,3
DA:3,3
DA:4,2
DA:5,2
DA:6,2
DA:8,2
DA:9,1
DA:12,1
DA:13,0
DA:19,1
DA:20,1
DA:22,1
DA:26,3
DA:27,5
DA:28,5
DA:29,5
DA:31,5
DA:32,0
DA:35,5
DA:36,0
DA:42,5
DA:43,5
DA:45,0
DA:49,3
LF:24
LH:20
BRDA:8,0,0,1
BRDA:8,0,1,1
BRDA:12,1,0,0
BRDA:12,1,1,1
BRDA:31,2,0,0
BRDA:31,2,1,5
BRDA:35,3,0,0
BRDA:35,3,1,5
BRF:8
BRH:5
end_of_record
TN:
SF:middlewares\errorHandler.js
FN:1,(anonymous_0)
FN:9,(anonymous_1)
FNF:2
FNH:2
FNDA:13,(anonymous_0)
FNDA:6,(anonymous_1)
DA:1,3
DA:2,13
DA:3,13
DA:5,13
DA:8,4
DA:9,6
DA:10,4
DA:12,1
DA:13,1
DA:14,1
DA:16,6
DA:17,6
DA:18,6
DA:20,0
DA:21,0
DA:22,0
DA:24,2
DA:25,2
DA:26,2
DA:28,0
DA:29,0
DA:32,13
DA:35,3
LF:23
LH:18
BRDA:5,0,0,3
BRDA:5,0,1,4
BRDA:5,0,2,1
BRDA:5,0,3,6
BRDA:5,0,4,0
BRDA:5,0,5,2
BRDA:5,0,6,0
BRF:7
BRH:5
end_of_record
TN:
SF:models\index.js
FN:21,(anonymous_0)
FN:29,(anonymous_1)
FN:34,(anonymous_2)
FNF:3
FNH:3
FNDA:12,(anonymous_0)
FNDA:9,(anonymous_1)
FNDA:9,(anonymous_2)
DA:3,3
DA:4,3
DA:5,3
DA:6,3
DA:7,3
DA:8,3
DA:9,3
DA:10,3
DA:13,3
DA:14,0
DA:16,3
DA:19,3
DA:22,12
DA:30,9
DA:31,9
DA:34,3
DA:35,9
DA:36,9
DA:40,3
DA:41,3
DA:43,3
LF:21
LH:20
BRDA:8,0,0,3
BRDA:8,0,1,0
BRDA:13,1,0,0
BRDA:13,1,1,3
BRDA:23,2,0,12
BRDA:23,2,1,12
BRDA:23,2,2,9
BRDA:23,2,3,9
BRDA:35,3,0,9
BRDA:35,3,1,0
BRF:10
BRH:7
end_of_record
TN:
SF:models\project.js
FN:4,(anonymous_0)
FN:6,(anonymous_1)
FNF:2
FNH:2
FNDA:3,(anonymous_0)
FNDA:3,(anonymous_1)
DA:2,3
DA:4,3
DA:7,3
DA:13,3
DA:20,3
DA:60,3
LF:6
LH:6
BRF:0
BRH:0
end_of_record
TN:
SF:models\task.js
FN:4,(anonymous_0)
FN:6,(anonymous_1)
FNF:2
FNH:2
FNDA:3,(anonymous_0)
FNDA:3,(anonymous_1)
DA:2,3
DA:4,3
DA:7,3
DA:13,3
DA:22,3
DA:85,3
LF:6
LH:6
BRF:0
BRH:0
end_of_record
TN:
SF:models\user.js
FN:4,(anonymous_0)
FN:6,(anonymous_1)
FNF:2
FNH:2
FNDA:3,(anonymous_0)
FNDA:3,(anonymous_1)
DA:2,3
DA:4,3
DA:7,3
DA:11,3
DA:18,3
DA:54,3
LF:6
LH:6
BRF:0
BRH:0
end_of_record
TN:
SF:routers\index.js
FNF:0
FNH:0
DA:1,3
DA:2,3
DA:4,3
DA:5,3
DA:6,3
DA:8,3
DA:12,3
DA:15,3
DA:16,3
DA:19,3
DA:22,3
DA:23,3
DA:24,3
DA:25,3
DA:26,3
DA:29,3
DA:30,3
DA:31,3
DA:36,3
DA:41,3
DA:47,3
LF:21
LH:21
BRF:0
BRH:0
end_of_record
